<?xml version="1.0" encoding="UTF-8"?>
<!-- Generated by org.testng.reporters.JUnitReportReporter -->
<testsuite hostname="Nileshs-MacBook-Air.local" failures="0" tests="1" name="restAssuredTests.Demo4_DELETE_Request" time="1.400" errors="0" timestamp="2025-01-16T22:40:27 IST" skipped="0">
  <testcase classname="restAssuredTests.Demo4_DELETE_Request" name="testDeleteRequest" time="1.400"/>
</testsuite> <!-- restAssuredTests.Demo4_DELETE_Request -->
