<?xml version="1.0" encoding="UTF-8"?>
<!-- Generated by org.testng.reporters.JUnitReportReporter -->
<testsuite hostname="Nileshs-MacBook-Air.local" failures="0" tests="1" name="restAssuredTests.Demo1_GET_Request" time="1.494" errors="0" timestamp="2025-01-20T13:04:58 IST" skipped="0">
  <testcase classname="restAssuredTests.Demo1_GET_Request" name="getWeatherDetails" time="1.494"/>
</testsuite> <!-- restAssuredTests.Demo1_GET_Request -->
