<?xml version="1.0" encoding="UTF-8"?>
<!-- Generated by org.testng.reporters.JUnitReportReporter -->
<testsuite hostname="Nileshs-MacBook-Air.local" failures="0" tests="1" name="restAssuredTests.Demo3_PUT_Request" time="3.389" errors="0" timestamp="2025-01-14T16:51:01 IST" skipped="0">
  <testcase classname="restAssuredTests.Demo3_PUT_Request" name="testPUT" time="3.389"/>
</testsuite> <!-- restAssuredTests.Demo3_PUT_Request -->
